<?xml version="1.0" encoding="UTF-8"?>
<testsuite name="FreeTextValidatorTest" tests="3" skipped="0" failures="0" errors="0" timestamp="2020-07-03T05:38:09" hostname="Angelis-MacBook-Pro.local" time="0.001">
  <properties/>
  <testcase name="testHashCode" classname="FreeTextValidatorTest" time="0.001"/>
  <testcase name="testEquals" classname="FreeTextValidatorTest" time="0.0"/>
  <testcase name="isValid" classname="FreeTextValidatorTest" time="0.0"/>
  <system-out><![CDATA[]]></system-out>
  <system-err><![CDATA[]]></system-err>
</testsuite>
