<?xml version="1.0" encoding="UTF-8"?>
<testsuite name="PhoneValidatorTest" tests="5" skipped="0" failures="0" errors="0" timestamp="2020-07-02T01:47:14" hostname="DESKTOP-GDSK1FD" time="0.003">
  <properties/>
  <testcase name="isValidateTrue" classname="PhoneValidatorTest" time="0.002"/>
  <testcase name="isValidateFalse" classname="PhoneValidatorTest" time="0.0"/>
  <testcase name="isValidateFalse1" classname="PhoneValidatorTest" time="0.0"/>
  <testcase name="isValidateFalse2" classname="PhoneValidatorTest" time="0.0"/>
  <testcase name="isValidateFalse3" classname="PhoneValidatorTest" time="0.0"/>
  <system-out><![CDATA[]]></system-out>
  <system-err><![CDATA[]]></system-err>
</testsuite>
