<?xml version="1.0" encoding="UTF-8"?>
<testsuite name="CheckboxValidatorTest" tests="3" skipped="0" failures="0" errors="0" timestamp="2020-08-18T20:01:56" hostname="SEA-INTERN01" time="0.001">
  <properties/>
  <testcase name="testHashCode" classname="CheckboxValidatorTest" time="0.001"/>
  <testcase name="testEquals" classname="CheckboxValidatorTest" time="0.0"/>
  <testcase name="isValid" classname="CheckboxValidatorTest" time="0.0"/>
  <system-out><![CDATA[]]></system-out>
  <system-err><![CDATA[]]></system-err>
</testsuite>
